2023-11-23 15:37:27 info: =================================
2023-11-23 15:37:27 info: ======= ENV: production =======
2023-11-23 15:37:27 info: 🚀 App listening on the port 3001
2023-11-23 15:37:27 info: =================================
2023-11-23 15:39:57 info: [0mOPTIONS /login [32m204[0m 1.408 ms - 0[0m
2023-11-23 15:39:58 info: [0mPOST /login [32m200[0m 966.952 ms - 369[0m
2023-11-23 15:39:59 info: [0mGET /discussions/getAllTopics [32m201[0m 1079.879 ms - 755[0m
2023-11-23 15:39:59 info: [0mGET /events/getAll [32m201[0m 1086.102 ms - 745[0m
2023-11-23 15:39:59 info: [0mGET /questions/getAllQuestions [32m201[0m 1084.958 ms - 788[0m
2023-11-23 15:40:05 info: [0mGET /events/getAll [32m201[0m 636.903 ms - 745[0m
2023-11-23 15:40:05 info: [0mGET /questions/getAllQuestions [32m201[0m 629.529 ms - 788[0m
2023-11-23 15:40:05 info: [0mGET /discussions/getAllTopics [32m201[0m 646.030 ms - 755[0m
2023-11-23 15:40:10 info: [0mGET /questions/getAllQuestions [32m201[0m 314.032 ms - 788[0m
2023-11-23 15:40:10 info: [0mGET /events/getAll [32m201[0m 321.026 ms - 745[0m
2023-11-23 15:40:10 info: [0mGET /discussions/getAllTopics [32m201[0m 313.527 ms - 755[0m
2023-11-23 15:40:16 info: [0mGET /questions/getAllQuestions [32m201[0m 356.435 ms - 788[0m
2023-11-23 15:40:16 info: [0mGET /discussions/getAllTopics [32m201[0m 354.983 ms - 755[0m
2023-11-23 15:40:16 info: [0mGET /events/getAll [32m201[0m 365.300 ms - 745[0m
2023-11-23 15:40:18 info: [0mPOST /events/save?EventID=4&UserID=4 [32m201[0m 0.610 ms - 25[0m
2023-11-23 15:40:19 info: [0mGET /events/getAll [32m201[0m 405.708 ms - 745[0m
2023-11-23 15:40:21 info: [0mGET /questions/getAllQuestions [32m201[0m 293.528 ms - 788[0m
2023-11-23 15:40:21 info: [0mGET /discussions/getAllTopics [32m201[0m 346.399 ms - 755[0m
2023-11-23 15:40:24 info: [0mGET /discussions/getAllTopics [32m201[0m 450.774 ms - 755[0m
2023-11-23 15:40:24 info: [0mGET /questions/getAllQuestions [32m201[0m 451.515 ms - 788[0m
2023-11-23 15:40:24 info: [0mGET /events/getAll [32m201[0m 994.645 ms - 971[0m
2023-11-23 15:40:25 info: [0mGET /questions/getAllQuestions [32m201[0m 273.373 ms - 788[0m
2023-11-23 15:40:25 info: [0mGET /discussions/getAllTopics [32m201[0m 288.230 ms - 755[0m
2023-11-23 15:40:25 info: [0mGET /events/getAll [32m201[0m 343.605 ms - 971[0m
2023-11-23 15:40:28 info: [0mPOST /events/unsave?EventID=4&UserID=4 [32m201[0m 0.565 ms - 27[0m
2023-11-23 15:40:29 info: [0mGET /events/getAll [32m201[0m 685.117 ms - 971[0m
2023-11-23 15:40:30 info: [0mGET /discussions/getAllTopics [32m201[0m 321.520 ms - 755[0m
2023-11-23 15:40:30 info: [0mGET /questions/getAllQuestions [32m201[0m 323.692 ms - 788[0m
2023-11-23 15:40:34 info: [0mGET /events/getAll [32m201[0m 344.832 ms - 745[0m
2023-11-23 15:40:36 info: [0mGET /questions/getAllQuestions [32m201[0m 374.717 ms - 788[0m
2023-11-23 15:40:36 info: [0mGET /discussions/getAllTopics [32m201[0m 378.336 ms - 755[0m
2023-11-23 15:40:36 info: [0mGET /events/getAll [32m201[0m 282.652 ms - 745[0m
2023-11-23 15:40:41 info: [0mGET /questions/getAllQuestions [32m201[0m 501.184 ms - 788[0m
2023-11-23 15:40:41 info: [0mGET /discussions/getAllTopics [32m201[0m 501.960 ms - 755[0m
2023-11-23 15:40:41 info: [0mGET /events/getAll [32m201[0m 544.365 ms - 745[0m
2023-11-23 15:40:43 info: [0mGET /discussions/getOne?TopicID=2 [32m201[0m 920.622 ms - 392[0m
2023-11-23 15:40:44 info: [0mGET /replies/getAllWithFilter?q=all&TopicID=2 [32m201[0m 789.869 ms - 40[0m
2023-11-23 15:40:47 info: [0mGET /events/getAll [32m201[0m 519.779 ms - 745[0m
2023-11-23 15:40:48 info: [0mGET /discussions/getOne?TopicID=2 [32m201[0m 298.919 ms - 392[0m
2023-11-23 15:40:49 info: [0mGET /replies/getAllWithFilter?q=all&TopicID=2 [32m201[0m 115.099 ms - 40[0m
2023-11-23 15:40:53 info: [0mGET /events/getAll [32m201[0m 715.817 ms - 745[0m
2023-11-23 15:40:53 info: [0mGET /discussions/getOne?TopicID=2 [32m201[0m 344.304 ms - 392[0m
2023-11-23 15:40:54 info: [0mGET /replies/getAllWithFilter?q=all&TopicID=2 [32m201[0m 69.870 ms - 40[0m
2023-11-23 15:40:54 info: [0mOPTIONS /replies/createTopicReply [32m204[0m 0.096 ms - 0[0m
2023-11-23 15:40:54 info: [0mPOST /replies/createTopicReply [32m201[0m 0.924 ms - 27[0m
2023-11-23 15:40:58 info: [0mGET /events/getAll [32m201[0m 419.503 ms - 745[0m
2023-11-23 15:40:59 info: [0mGET /discussions/getOne?TopicID=2 [32m201[0m 275.528 ms - 392[0m
2023-11-23 15:40:59 info: [0mGET /replies/getAllWithFilter?q=all&TopicID=2 [32m201[0m 415.218 ms - 345[0m
2023-11-23 15:41:04 info: [0mGET /events/getAll [32m201[0m 498.067 ms - 745[0m
2023-11-23 15:41:04 info: [0mGET /discussions/getOne?TopicID=2 [32m201[0m 501.869 ms - 392[0m
2023-11-23 15:41:05 info: [0mGET /replies/getAllWithFilter?q=all&TopicID=2 [32m201[0m 423.345 ms - 345[0m
2023-11-23 15:41:09 info: [0mGET /events/getAll [32m201[0m 710.782 ms - 745[0m
2023-11-23 15:41:10 info: [0mGET /discussions/getOne?TopicID=2 [32m201[0m 657.228 ms - 392[0m
2023-11-23 15:41:10 info: [0mGET /replies/getAllWithFilter?q=all&TopicID=2 [32m201[0m 331.060 ms - 345[0m
2023-11-23 15:41:11 info: [0mGET /events/getAllWithFilter?q=all&search= [32m201[0m 345.456 ms - 746[0m
2023-11-23 15:41:12 info: [0mGET /events/getAllWithFilter?q=all&search= [32m201[0m 292.235 ms - 746[0m
2023-11-23 15:41:15 info: [0mGET /events/getAll [32m201[0m 286.150 ms - 745[0m
2023-11-23 15:41:16 info: [0mGET /discussions/getAllWithFilter?q=all&search= [32m201[0m 382.481 ms - 756[0m
2023-11-23 15:41:16 info: [0mGET /discussions/getAllWithFilter?q=all&search= [32m201[0m 295.292 ms - 756[0m
2023-11-23 15:41:18 info: [0mGET /events/getAllWithFilter?q=all&search= [32m201[0m 766.584 ms - 746[0m
2023-11-23 15:41:20 info: [0mGET /events/getAll [32m201[0m 289.017 ms - 745[0m
2023-11-23 15:41:24 info: [0mGET /events/getAllWithFilter?q=all&search= [32m201[0m 746.491 ms - 746[0m
2023-11-23 15:41:25 info: [0mGET /events/getAll [32m201[0m 408.843 ms - 745[0m
2023-11-23 15:41:26 info: [0mGET /questions/getAllWithFilter?q=all&search= [32m201[0m 423.199 ms - 789[0m
2023-11-23 15:41:26 info: [0mGET /questions/getAllWithFilter?q=all&search= [32m201[0m 275.484 ms - 789[0m
2023-11-23 15:41:31 info: [0mGET /events/getAll [32m201[0m 273.344 ms - 745[0m
2023-11-23 15:41:31 info: [0mGET /users/getAllUsers [32m200[0m 695.897 ms - 105[0m
2023-11-23 15:41:36 info: [0mGET /events/getAll [32m201[0m 606.496 ms - 745[0m
2023-11-23 15:41:41 info: [0mGET /questions/getAllQuestions [32m201[0m 373.575 ms - 788[0m
2023-11-23 15:41:41 info: [0mGET /discussions/getAllTopics [32m201[0m 465.793 ms - 755[0m
2023-11-23 15:41:41 info: [0mGET /events/getAll [32m201[0m 468.821 ms - 745[0m
2023-11-23 15:41:46 info: [0mGET /events/getAll [32m201[0m 431.123 ms - 745[0m
2023-11-23 15:41:46 info: [0mGET /discussions/getAllTopics [32m201[0m 434.462 ms - 755[0m
2023-11-23 15:41:46 info: [0mGET /questions/getAllQuestions [32m201[0m 592.005 ms - 788[0m
2023-11-23 15:41:49 info: [0mGET /discussions/getAllTopics [32m201[0m 268.729 ms - 755[0m
2023-11-23 15:41:49 info: [0mGET /events/getAll [32m201[0m 271.676 ms - 745[0m
2023-11-23 15:41:49 info: [0mGET /questions/getAllQuestions [32m201[0m 271.698 ms - 788[0m
2023-11-23 15:41:55 info: [0mGET /events/getAll [32m201[0m 408.358 ms - 745[0m
2023-11-23 15:41:55 info: [0mGET /questions/getAllQuestions [32m201[0m 405.007 ms - 788[0m
2023-11-23 15:41:55 info: [0mGET /discussions/getAllTopics [32m201[0m 411.613 ms - 755[0m
2023-11-23 15:41:57 info: [0mGET /questions/getAllQuestions [32m201[0m 283.676 ms - 788[0m
2023-11-23 15:41:57 info: [0mGET /discussions/getAllTopics [32m201[0m 349.810 ms - 755[0m
2023-11-23 15:41:57 info: [0mGET /events/getAll [32m201[0m 353.871 ms - 745[0m
2023-11-23 15:42:02 info: [0mGET /discussions/getAllTopics [32m201[0m 292.093 ms - 755[0m
2023-11-23 15:42:02 info: [0mGET /questions/getAllQuestions [32m201[0m 371.041 ms - 788[0m
2023-11-23 15:42:02 info: [0mGET /events/getAll [32m201[0m 295.499 ms - 745[0m
2023-11-23 15:42:06 info: [0mGET /events/getAllWithFilter?q=all&search= [32m201[0m 281.757 ms - 746[0m
2023-11-23 15:42:08 info: [0mGET /events/getAll [32m201[0m 317.403 ms - 745[0m
2023-11-23 15:42:12 info: [0mGET /events/getAllWithFilter?q=all&search= [32m201[0m 303.428 ms - 746[0m
2023-11-23 15:42:13 info: [0mGET /events/getAll [32m201[0m 663.915 ms - 745[0m
2023-11-23 15:42:17 info: [0mGET /events/getAllWithFilter?q=all&search= [32m201[0m 283.627 ms - 746[0m
2023-11-23 15:42:19 info: [0mGET /events/getAll [32m201[0m 289.438 ms - 745[0m
2023-11-23 15:42:24 info: [0mGET /events/getAllWithFilter?q=all&search= [32m201[0m 516.704 ms - 746[0m
2023-11-23 15:42:26 info: [0mGET /events/getAll [32m201[0m 492.772 ms - 745[0m
2023-11-23 15:42:29 info: [0mGET /events/getAllWithFilter?q=all&search= [32m201[0m 363.463 ms - 746[0m
2023-11-23 15:42:32 info: [0mGET /events/getAll [32m201[0m 571.490 ms - 745[0m
2023-11-23 15:42:35 info: [0mGET /events/getAllWithFilter?q=all&search= [32m201[0m 262.850 ms - 746[0m
2023-11-23 15:42:37 info: [0mGET /events/getAll [32m201[0m 285.343 ms - 745[0m
2023-11-23 15:42:41 info: [0mGET /events/getAllWithFilter?q=all&search= [32m201[0m 451.166 ms - 746[0m
2023-11-23 15:42:43 info: [0mGET /events/getAll [32m201[0m 276.406 ms - 745[0m
2023-11-23 15:42:47 info: [0mGET /events/getAllWithFilter?q=all&search= [32m201[0m 585.939 ms - 746[0m
2023-11-23 15:42:49 info: [0mGET /events/getAll [32m201[0m 284.232 ms - 745[0m
2023-11-23 15:42:53 info: [0mGET /events/getAllWithFilter?q=all&search= [32m201[0m 706.814 ms - 746[0m
2023-11-23 15:42:54 info: [0mGET /events/getAll [32m201[0m 277.163 ms - 745[0m
2023-11-23 15:42:55 info: [0mGET /events/getAll [32m201[0m 502.274 ms - 745[0m
2023-11-23 15:42:55 info: [0mGET /discussions/getAllTopics [32m201[0m 579.695 ms - 755[0m
2023-11-23 15:42:55 info: [0mGET /questions/getAllQuestions [32m201[0m 583.407 ms - 788[0m
2023-11-23 15:43:00 info: [0mGET /discussions/getAllTopics [32m201[0m 430.372 ms - 755[0m
2023-11-23 15:43:00 info: [0mGET /questions/getAllQuestions [32m201[0m 429.416 ms - 788[0m
2023-11-23 15:43:00 info: [0mGET /events/getAll [32m201[0m 522.712 ms - 745[0m
2023-11-23 15:43:06 info: [0mGET /questions/getAllQuestions [32m201[0m 414.313 ms - 788[0m
2023-11-23 15:43:06 info: [0mGET /discussions/getAllTopics [32m201[0m 417.742 ms - 755[0m
2023-11-23 15:43:06 info: [0mGET /events/getAll [32m201[0m 633.391 ms - 745[0m
2023-11-23 15:43:11 info: [0mGET /questions/getAllQuestions [32m201[0m 352.007 ms - 788[0m
2023-11-23 15:43:11 info: [0mGET /discussions/getAllTopics [32m201[0m 378.796 ms - 755[0m
2023-11-23 15:43:11 info: [0mGET /events/getAll [32m201[0m 288.811 ms - 745[0m
2023-11-23 15:43:16 info: [0mGET /questions/getAllQuestions [32m201[0m 273.496 ms - 788[0m
2023-11-23 15:43:16 info: [0mGET /discussions/getAllTopics [32m201[0m 257.642 ms - 755[0m
2023-11-23 15:43:17 info: [0mGET /events/getAll [32m201[0m 270.786 ms - 745[0m
2023-11-23 15:43:22 info: [0mGET /questions/getAllQuestions [32m201[0m 259.446 ms - 788[0m
2023-11-23 15:43:22 info: [0mGET /discussions/getAllTopics [32m201[0m 256.965 ms - 755[0m
2023-11-23 15:43:22 info: [0mGET /events/getAll [32m201[0m 347.320 ms - 745[0m
2023-11-23 15:43:27 info: [0mGET /questions/getAllQuestions [32m201[0m 487.531 ms - 788[0m
2023-11-23 15:43:27 info: [0mGET /discussions/getAllTopics [32m201[0m 487.966 ms - 755[0m
2023-11-23 15:43:27 info: [0mGET /events/getAll [32m201[0m 533.887 ms - 745[0m
2023-11-23 15:43:33 info: [0mGET /questions/getAllQuestions [32m201[0m 295.260 ms - 788[0m
2023-11-23 15:43:33 info: [0mGET /discussions/getAllTopics [32m201[0m 294.635 ms - 755[0m
2023-11-23 15:43:33 info: [0mGET /events/getAll [32m201[0m 267.170 ms - 745[0m
2023-11-23 15:43:38 info: [0mGET /questions/getAllQuestions [32m201[0m 293.752 ms - 788[0m
2023-11-23 15:43:38 info: [0mGET /discussions/getAllTopics [32m201[0m 292.969 ms - 755[0m
2023-11-23 15:43:38 info: [0mGET /events/getAll [32m201[0m 354.446 ms - 745[0m
2023-11-23 15:43:44 info: [0mGET /events/getAll [32m201[0m 269.096 ms - 745[0m
2023-11-23 15:43:44 info: [0mGET /questions/getAllQuestions [32m201[0m 347.401 ms - 788[0m
2023-11-23 15:43:44 info: [0mGET /discussions/getAllTopics [32m201[0m 342.701 ms - 755[0m
2023-11-23 15:43:51 info: [0mGET /discussions/getAllTopics [32m201[0m 468.845 ms - 755[0m
2023-11-23 15:43:51 info: [0mGET /events/getAll [32m201[0m 486.030 ms - 745[0m
2023-11-23 15:43:51 info: [0mGET /questions/getAllQuestions [32m201[0m 475.065 ms - 788[0m
2023-11-23 15:43:56 info: [0mGET /questions/getAllQuestions [32m201[0m 405.818 ms - 788[0m
2023-11-23 15:43:56 info: [0mGET /discussions/getAllTopics [32m201[0m 420.495 ms - 755[0m
2023-11-23 15:43:57 info: [0mGET /events/getAll [32m201[0m 495.314 ms - 745[0m
2023-11-23 15:44:02 info: [0mGET /events/getAll [32m201[0m 279.274 ms - 745[0m
2023-11-23 15:44:02 info: [0mGET /discussions/getAllTopics [32m201[0m 330.163 ms - 755[0m
2023-11-23 15:44:02 info: [0mGET /questions/getAllQuestions [32m201[0m 341.931 ms - 788[0m
2023-11-23 15:44:09 info: [0mGET /questions/getAllQuestions [32m201[0m 763.450 ms - 788[0m
2023-11-23 15:44:09 info: [0mGET /events/getAll [32m201[0m 779.204 ms - 745[0m
2023-11-23 15:44:09 info: [0mGET /discussions/getAllTopics [32m201[0m 772.969 ms - 755[0m
2023-11-23 15:44:14 info: [0mGET /questions/getAllQuestions [32m201[0m 421.474 ms - 788[0m
2023-11-23 15:44:14 info: [0mGET /discussions/getAllTopics [32m201[0m 408.238 ms - 755[0m
2023-11-23 15:44:15 info: [0mGET /events/getAll [32m201[0m 499.161 ms - 745[0m
2023-11-23 15:44:20 info: [0mGET /events/getAll [32m201[0m 268.463 ms - 745[0m
2023-11-23 15:44:20 info: [0mGET /discussions/getAllTopics [32m201[0m 338.457 ms - 755[0m
2023-11-23 15:44:20 info: [0mGET /questions/getAllQuestions [32m201[0m 342.166 ms - 788[0m
2023-11-23 15:44:26 info: [0mGET /questions/getAllQuestions [32m201[0m 260.265 ms - 788[0m
2023-11-23 15:44:26 info: [0mGET /discussions/getAllTopics [32m201[0m 265.868 ms - 755[0m
2023-11-23 15:44:26 info: [0mGET /events/getAll [32m201[0m 271.410 ms - 745[0m
2023-11-23 15:44:32 info: [0mGET /questions/getAllQuestions [32m201[0m 266.353 ms - 788[0m
2023-11-23 15:44:32 info: [0mGET /discussions/getAllTopics [32m201[0m 269.449 ms - 755[0m
2023-11-23 15:44:32 info: [0mGET /events/getAll [32m201[0m 333.702 ms - 745[0m
2023-11-23 15:44:38 info: [0mGET /events/getAll [32m201[0m 266.027 ms - 745[0m
2023-11-23 15:44:38 info: [0mGET /questions/getAllQuestions [32m201[0m 349.783 ms - 788[0m
2023-11-23 15:44:38 info: [0mGET /discussions/getAllTopics [32m201[0m 345.507 ms - 755[0m
2023-11-23 15:44:44 info: [0mGET /discussions/getAllTopics [32m201[0m 352.808 ms - 755[0m
2023-11-23 15:44:44 info: [0mGET /questions/getAllQuestions [32m201[0m 354.210 ms - 788[0m
2023-11-23 15:44:44 info: [0mGET /events/getAll [32m201[0m 427.640 ms - 745[0m
2023-11-23 15:44:49 info: [0mGET /questions/getAllQuestions [32m201[0m 286.364 ms - 788[0m
2023-11-23 15:44:49 info: [0mGET /discussions/getAllTopics [32m201[0m 289.958 ms - 755[0m
2023-11-23 15:44:49 info: [0mGET /events/getAll [32m201[0m 350.040 ms - 745[0m
2023-11-23 15:44:54 info: [0mGET /questions/getAllQuestions [32m201[0m 393.933 ms - 788[0m
2023-11-23 15:44:54 info: [0mGET /events/getAll [32m201[0m 339.186 ms - 745[0m
2023-11-23 15:44:55 info: [0mGET /discussions/getAllTopics [32m201[0m 394.619 ms - 755[0m
2023-11-23 15:45:00 info: [0mGET /questions/getAllQuestions [32m201[0m 450.318 ms - 788[0m
2023-11-23 15:45:00 info: [0mGET /events/getAll [32m201[0m 449.729 ms - 745[0m
2023-11-23 15:45:00 info: [0mGET /discussions/getAllTopics [32m201[0m 449.931 ms - 755[0m
2023-11-23 15:45:05 info: [0mGET /discussions/getAllTopics [32m201[0m 275.894 ms - 755[0m
2023-11-23 15:45:05 info: [0mGET /questions/getAllQuestions [32m201[0m 280.957 ms - 788[0m
2023-11-23 15:45:05 info: [0mGET /events/getAll [32m201[0m 358.405 ms - 745[0m
2023-11-23 15:45:11 info: [0mGET /events/getAll [32m201[0m 269.509 ms - 745[0m
2023-11-23 15:45:11 info: [0mGET /questions/getAllQuestions [32m201[0m 340.384 ms - 788[0m
2023-11-23 15:45:11 info: [0mGET /discussions/getAllTopics [32m201[0m 344.216 ms - 755[0m
2023-11-23 15:45:16 info: [0mGET /questions/getAllQuestions [32m201[0m 284.901 ms - 788[0m
2023-11-23 15:45:16 info: [0mGET /events/getAll [32m201[0m 291.763 ms - 745[0m
2023-11-23 15:45:16 info: [0mGET /discussions/getAllTopics [32m201[0m 292.491 ms - 755[0m
2023-11-23 15:45:21 info: [0mGET /questions/getAllQuestions [32m201[0m 265.610 ms - 788[0m
2023-11-23 15:45:21 info: [0mGET /discussions/getAllTopics [32m201[0m 271.229 ms - 755[0m
2023-11-23 15:45:21 info: [0mGET /events/getAll [32m201[0m 346.658 ms - 745[0m
2023-11-23 15:45:27 info: [0mGET /discussions/getAllTopics [32m201[0m 342.259 ms - 755[0m
2023-11-23 15:45:27 info: [0mGET /questions/getAllQuestions [32m201[0m 344.853 ms - 788[0m
2023-11-23 15:45:27 info: [0mGET /events/getAll [32m201[0m 279.242 ms - 745[0m
2023-11-23 15:45:32 info: [0mGET /events/getAll [32m201[0m 417.750 ms - 745[0m
2023-11-23 15:45:32 info: [0mGET /questions/getAllQuestions [32m201[0m 420.365 ms - 788[0m
2023-11-23 15:45:32 info: [0mGET /discussions/getAllTopics [32m201[0m 424.586 ms - 755[0m
2023-11-23 15:45:38 info: [0mGET /questions/getAllQuestions [32m201[0m 262.022 ms - 788[0m
2023-11-23 15:45:38 info: [0mGET /discussions/getAllTopics [32m201[0m 258.453 ms - 755[0m
2023-11-23 15:45:38 info: [0mGET /events/getAll [32m201[0m 329.714 ms - 745[0m
2023-11-23 15:45:44 info: [0mGET /events/getAll [32m201[0m 409.420 ms - 745[0m
2023-11-23 15:45:45 info: [0mGET /discussions/getAllTopics [32m201[0m 553.781 ms - 755[0m
2023-11-23 15:45:45 info: [0mGET /questions/getAllQuestions [32m201[0m 557.321 ms - 788[0m
2023-11-23 15:45:50 info: [0mGET /discussions/getAllTopics [32m201[0m 268.506 ms - 755[0m
2023-11-23 15:45:50 info: [0mGET /events/getAll [32m201[0m 274.467 ms - 745[0m
2023-11-23 15:45:50 info: [0mGET /questions/getAllQuestions [32m201[0m 271.401 ms - 788[0m
2023-11-23 15:45:56 info: [0mGET /questions/getAllQuestions [32m201[0m 369.751 ms - 788[0m
2023-11-23 15:45:56 info: [0mGET /discussions/getAllTopics [32m201[0m 383.441 ms - 755[0m
2023-11-23 15:45:56 info: [0mGET /events/getAll [32m201[0m 447.806 ms - 745[0m
2023-11-23 15:46:02 info: [0mGET /events/getAll [32m201[0m 263.641 ms - 745[0m
2023-11-23 15:46:02 info: [0mGET /discussions/getAllTopics [32m201[0m 330.126 ms - 755[0m
2023-11-23 15:46:02 info: [0mGET /questions/getAllQuestions [32m201[0m 337.657 ms - 788[0m
2023-11-23 15:46:08 info: [0mGET /questions/getAllQuestions [32m201[0m 263.933 ms - 788[0m
2023-11-23 15:46:08 info: [0mGET /discussions/getAllTopics [32m201[0m 266.466 ms - 755[0m
2023-11-23 15:46:08 info: [0mGET /events/getAll [32m201[0m 268.194 ms - 745[0m
2023-11-23 15:46:14 info: [0mGET /questions/getAllQuestions [32m201[0m 456.876 ms - 788[0m
2023-11-23 15:46:14 info: [0mGET /discussions/getAllTopics [32m201[0m 462.850 ms - 755[0m
2023-11-23 15:46:15 info: [0mGET /events/getAll [32m201[0m 535.763 ms - 745[0m
2023-11-23 15:46:20 info: [0mGET /events/getAll [32m201[0m 265.480 ms - 745[0m
2023-11-23 15:46:20 info: [0mGET /discussions/getAllTopics [32m201[0m 337.924 ms - 755[0m
2023-11-23 15:46:20 info: [0mGET /questions/getAllQuestions [32m201[0m 343.020 ms - 788[0m
2023-11-23 15:46:26 info: [0mGET /events/getAll [32m201[0m 271.389 ms - 745[0m
2023-11-23 15:46:26 info: [0mGET /discussions/getAllTopics [32m201[0m 268.554 ms - 755[0m
2023-11-23 15:46:26 info: [0mGET /questions/getAllQuestions [32m201[0m 271.899 ms - 788[0m
2023-11-23 15:46:32 info: [0mGET /discussions/getAllTopics [32m201[0m 384.772 ms - 755[0m
2023-11-23 15:46:32 info: [0mGET /questions/getAllQuestions [32m201[0m 380.248 ms - 788[0m
2023-11-23 15:46:32 info: [0mGET /events/getAll [32m201[0m 468.768 ms - 745[0m
2023-11-23 15:46:38 info: [0mGET /events/getAll [32m201[0m 276.903 ms - 745[0m
2023-11-23 15:46:38 info: [0mGET /discussions/getAllTopics [32m201[0m 346.318 ms - 755[0m
2023-11-23 15:46:38 info: [0mGET /questions/getAllQuestions [32m201[0m 343.120 ms - 788[0m
2023-11-23 15:46:44 info: [0mGET /events/getAll [32m201[0m 293.657 ms - 745[0m
2023-11-23 15:46:44 info: [0mGET /questions/getAllQuestions [32m201[0m 286.896 ms - 788[0m
2023-11-23 15:46:44 info: [0mGET /discussions/getAllTopics [32m201[0m 288.378 ms - 755[0m
2023-11-23 15:46:50 info: [0mGET /discussions/getAllTopics [32m201[0m 315.764 ms - 755[0m
2023-11-23 15:46:50 info: [0mGET /questions/getAllQuestions [32m201[0m 323.790 ms - 788[0m
2023-11-23 15:46:50 info: [0mGET /events/getAll [32m201[0m 393.143 ms - 745[0m
2023-11-23 15:46:56 info: [0mGET /discussions/getAllTopics [32m201[0m 332.554 ms - 755[0m
2023-11-23 15:46:56 info: [0mGET /events/getAll [32m201[0m 317.904 ms - 745[0m
2023-11-23 15:46:56 info: [0mGET /questions/getAllQuestions [32m201[0m 385.854 ms - 788[0m
2023-11-23 15:47:03 info: [0mGET /events/getAll [32m201[0m 576.785 ms - 745[0m
2023-11-23 15:47:03 info: [0mGET /discussions/getAllTopics [32m201[0m 585.166 ms - 755[0m
2023-11-23 15:47:03 info: [0mGET /questions/getAllQuestions [32m201[0m 572.134 ms - 788[0m
2023-11-23 15:47:08 info: [0mGET /questions/getAllQuestions [32m201[0m 276.768 ms - 788[0m
2023-11-23 15:47:08 info: [0mGET /discussions/getAllTopics [32m201[0m 285.133 ms - 755[0m
2023-11-23 15:47:08 info: [0mGET /events/getAll [32m201[0m 359.256 ms - 745[0m
2023-11-23 15:47:14 info: [0mGET /events/getAll [32m201[0m 396.846 ms - 745[0m
2023-11-23 15:47:15 info: [0mGET /questions/getAllQuestions [32m201[0m 497.952 ms - 788[0m
2023-11-23 15:47:15 info: [0mGET /discussions/getAllTopics [32m201[0m 497.206 ms - 755[0m
2023-11-23 15:47:20 info: [0mGET /questions/getAllQuestions [32m201[0m 263.660 ms - 788[0m
2023-11-23 15:47:20 info: [0mGET /events/getAll [32m201[0m 268.024 ms - 745[0m
2023-11-23 15:47:20 info: [0mGET /discussions/getAllTopics [32m201[0m 262.292 ms - 755[0m
2023-11-23 15:47:26 info: [0mGET /discussions/getAllTopics [32m201[0m 264.447 ms - 755[0m
2023-11-23 15:47:26 info: [0mGET /questions/getAllQuestions [32m201[0m 278.078 ms - 788[0m
2023-11-23 15:47:26 info: [0mGET /events/getAll [32m201[0m 335.778 ms - 745[0m
2023-11-23 15:47:32 info: [0mGET /events/getAll [32m201[0m 359.839 ms - 745[0m
2023-11-23 15:47:32 info: [0mGET /questions/getAllQuestions [32m201[0m 458.781 ms - 788[0m
2023-11-23 15:47:32 info: [0mGET /discussions/getAllTopics [32m201[0m 467.053 ms - 755[0m
2023-11-23 15:47:38 info: [0mGET /events/getAll [32m201[0m 271.559 ms - 745[0m
2023-11-23 15:47:38 info: [0mGET /questions/getAllQuestions [32m201[0m 268.433 ms - 788[0m
2023-11-23 15:47:38 info: [0mGET /discussions/getAllTopics [32m201[0m 278.841 ms - 755[0m
2023-11-23 15:47:44 info: [0mGET /questions/getAllQuestions [32m201[0m 261.026 ms - 788[0m
2023-11-23 15:47:44 info: [0mGET /discussions/getAllTopics [32m201[0m 264.425 ms - 755[0m
2023-11-23 15:47:44 info: [0mGET /events/getAll [32m201[0m 391.274 ms - 745[0m
2023-11-23 15:47:50 info: [0mGET /events/getAll [32m201[0m 284.550 ms - 745[0m
2023-11-23 15:47:50 info: [0mGET /questions/getAllQuestions [32m201[0m 346.334 ms - 788[0m
2023-11-23 15:47:50 info: [0mGET /discussions/getAllTopics [32m201[0m 341.366 ms - 755[0m
2023-11-23 15:47:56 info: [0mGET /events/getAll [32m201[0m 281.322 ms - 745[0m
2023-11-23 15:47:56 info: [0mGET /questions/getAllQuestions [32m201[0m 276.537 ms - 788[0m
2023-11-23 15:47:56 info: [0mGET /discussions/getAllTopics [32m201[0m 274.531 ms - 755[0m
2023-11-23 15:48:03 info: [0mGET /questions/getAllQuestions [32m201[0m 1442.617 ms - 788[0m
2023-11-23 15:48:03 info: [0mGET /discussions/getAllTopics [32m201[0m 1437.601 ms - 755[0m
2023-11-23 15:48:04 info: [0mGET /events/getAll [32m201[0m 1510.566 ms - 745[0m
2023-11-23 15:48:09 info: [0mGET /events/getAll [32m201[0m 290.496 ms - 745[0m
2023-11-23 15:48:09 info: [0mGET /questions/getAllQuestions [32m201[0m 345.886 ms - 788[0m
2023-11-23 15:48:09 info: [0mGET /discussions/getAllTopics [32m201[0m 348.179 ms - 755[0m
2023-11-23 15:48:15 info: [0mGET /questions/getAllQuestions [32m201[0m 317.574 ms - 788[0m
2023-11-23 15:48:15 info: [0mGET /discussions/getAllTopics [32m201[0m 312.678 ms - 755[0m
2023-11-23 15:48:15 info: [0mGET /events/getAll [32m201[0m 323.249 ms - 745[0m
2023-11-23 15:48:21 info: [0mGET /questions/getAllQuestions [32m201[0m 265.296 ms - 788[0m
2023-11-23 15:48:21 info: [0mGET /discussions/getAllTopics [32m201[0m 282.355 ms - 755[0m
2023-11-23 15:48:21 info: [0mGET /events/getAll [32m201[0m 343.681 ms - 745[0m
2023-11-23 15:48:27 info: [0mGET /events/getAll [32m201[0m 312.030 ms - 745[0m
2023-11-23 15:48:27 info: [0mGET /discussions/getAllTopics [32m201[0m 395.513 ms - 755[0m
2023-11-23 15:48:27 info: [0mGET /questions/getAllQuestions [32m201[0m 403.950 ms - 788[0m
2023-11-23 15:48:33 info: [0mGET /events/getAll [32m201[0m 426.919 ms - 745[0m
2023-11-23 15:48:33 info: [0mGET /questions/getAllQuestions [32m201[0m 418.450 ms - 788[0m
2023-11-23 15:48:33 info: [0mGET /discussions/getAllTopics [32m201[0m 423.278 ms - 755[0m
2023-11-23 15:48:39 info: [0mGET /discussions/getAllTopics [32m201[0m 270.822 ms - 755[0m
2023-11-23 15:48:39 info: [0mGET /questions/getAllQuestions [32m201[0m 277.080 ms - 788[0m
2023-11-23 15:48:39 info: [0mGET /events/getAll [32m201[0m 349.154 ms - 745[0m
2023-11-23 15:48:45 info: [0mGET /events/getAll [32m201[0m 299.539 ms - 745[0m
2023-11-23 15:48:45 info: [0mGET /discussions/getAllTopics [32m201[0m 342.254 ms - 755[0m
2023-11-23 15:48:45 info: [0mGET /questions/getAllQuestions [32m201[0m 372.118 ms - 788[0m
2023-11-23 15:48:51 info: [0mGET /events/getAll [32m201[0m 287.575 ms - 745[0m
2023-11-23 15:48:51 info: [0mGET /discussions/getAllTopics [32m201[0m 282.559 ms - 755[0m
2023-11-23 15:48:51 info: [0mGET /questions/getAllQuestions [32m201[0m 288.045 ms - 788[0m
2023-11-23 15:48:57 info: [0mGET /questions/getAllQuestions [32m201[0m 284.789 ms - 788[0m
2023-11-23 15:48:57 info: [0mGET /discussions/getAllTopics [32m201[0m 302.220 ms - 755[0m
2023-11-23 15:48:57 info: [0mGET /events/getAll [32m201[0m 377.712 ms - 745[0m
2023-11-23 15:49:03 info: [0mGET /events/getAll [32m201[0m 283.132 ms - 745[0m
2023-11-23 15:49:03 info: [0mGET /questions/getAllQuestions [32m201[0m 358.323 ms - 788[0m
2023-11-23 15:49:03 info: [0mGET /discussions/getAllTopics [32m201[0m 357.328 ms - 755[0m
2023-11-23 15:49:09 info: [0mGET /events/getAll [32m201[0m 271.911 ms - 745[0m
2023-11-23 15:49:09 info: [0mGET /questions/getAllQuestions [32m201[0m 269.186 ms - 788[0m
2023-11-23 15:49:09 info: [0mGET /discussions/getAllTopics [32m201[0m 273.216 ms - 755[0m
2023-11-23 15:49:15 info: [0mGET /questions/getAllQuestions [32m201[0m 287.519 ms - 788[0m
2023-11-23 15:49:15 info: [0mGET /discussions/getAllTopics [32m201[0m 284.447 ms - 755[0m
2023-11-23 15:49:15 info: [0mGET /events/getAll [32m201[0m 361.554 ms - 745[0m
2023-11-23 15:49:21 info: [0mGET /events/getAll [32m201[0m 269.340 ms - 745[0m
2023-11-23 15:49:21 info: [0mGET /questions/getAllQuestions [32m201[0m 342.529 ms - 788[0m
2023-11-23 15:49:21 info: [0mGET /discussions/getAllTopics [32m201[0m 337.446 ms - 755[0m
2023-11-23 15:49:27 info: [0mGET /questions/getAllQuestions [32m201[0m 270.640 ms - 788[0m
2023-11-23 15:49:27 info: [0mGET /discussions/getAllTopics [32m201[0m 278.353 ms - 755[0m
2023-11-23 15:49:27 info: [0mGET /events/getAll [32m201[0m 289.363 ms - 745[0m
2023-11-23 15:49:33 info: [0mGET /discussions/getAllTopics [32m201[0m 267.675 ms - 755[0m
2023-11-23 15:49:33 info: [0mGET /questions/getAllQuestions [32m201[0m 269.711 ms - 788[0m
2023-11-23 15:49:33 info: [0mGET /events/getAll [32m201[0m 339.881 ms - 745[0m
2023-11-23 15:49:39 info: [0mGET /events/getAll [32m201[0m 283.819 ms - 745[0m
2023-11-23 15:49:39 info: [0mGET /discussions/getAllTopics [32m201[0m 363.185 ms - 755[0m
2023-11-23 15:49:39 info: [0mGET /questions/getAllQuestions [32m201[0m 363.501 ms - 788[0m
2023-11-23 15:49:45 info: [0mGET /events/getAll [32m201[0m 297.127 ms - 745[0m
2023-11-23 15:49:45 info: [0mGET /questions/getAllQuestions [32m201[0m 292.462 ms - 788[0m
2023-11-23 15:49:45 info: [0mGET /discussions/getAllTopics [32m201[0m 295.953 ms - 755[0m
2023-11-23 15:49:51 info: [0mGET /questions/getAllQuestions [32m201[0m 266.439 ms - 788[0m
2023-11-23 15:49:51 info: [0mGET /discussions/getAllTopics [32m201[0m 270.576 ms - 755[0m
2023-11-23 15:49:51 info: [0mGET /events/getAll [32m201[0m 346.071 ms - 745[0m
2023-11-23 15:49:57 info: [0mGET /events/getAll [32m201[0m 273.308 ms - 745[0m
2023-11-23 15:49:57 info: [0mGET /discussions/getAllTopics [32m201[0m 355.862 ms - 755[0m
2023-11-23 15:49:57 info: [0mGET /questions/getAllQuestions [32m201[0m 362.622 ms - 788[0m
2023-11-23 15:50:03 info: [0mGET /discussions/getAllTopics [32m201[0m 272.845 ms - 755[0m
2023-11-23 15:50:03 info: [0mGET /questions/getAllQuestions [32m201[0m 273.411 ms - 788[0m
2023-11-23 15:50:03 info: [0mGET /events/getAll [32m201[0m 290.640 ms - 745[0m
2023-11-23 15:50:09 info: [0mGET /discussions/getAllTopics [32m201[0m 270.284 ms - 755[0m
2023-11-23 15:50:09 info: [0mGET /questions/getAllQuestions [32m201[0m 273.932 ms - 788[0m
2023-11-23 15:50:09 info: [0mGET /events/getAll [32m201[0m 375.195 ms - 745[0m
2023-11-23 15:50:15 info: [0mGET /events/getAll [32m201[0m 353.473 ms - 745[0m
2023-11-23 15:50:15 info: [0mGET /questions/getAllQuestions [32m201[0m 443.550 ms - 788[0m
2023-11-23 15:50:15 info: [0mGET /discussions/getAllTopics [32m201[0m 449.543 ms - 755[0m
2023-11-23 15:50:21 info: [0mGET /events/getAll [32m201[0m 282.042 ms - 745[0m
2023-11-23 15:50:21 info: [0mGET /questions/getAllQuestions [32m201[0m 274.701 ms - 788[0m
2023-11-23 15:50:22 info: [0mGET /discussions/getAllTopics [32m201[0m 565.394 ms - 755[0m
2023-11-23 15:50:28 info: [0mGET /discussions/getAllTopics [32m201[0m 1089.506 ms - 755[0m
2023-11-23 15:50:28 info: [0mGET /questions/getAllQuestions [32m201[0m 1097.723 ms - 788[0m
2023-11-23 15:50:28 info: [0mGET /events/getAll [32m201[0m 1354.375 ms - 745[0m
2023-11-23 15:50:34 info: [0mGET /events/getAll [32m201[0m 380.286 ms - 745[0m
2023-11-23 15:50:34 info: [0mGET /discussions/getAllTopics [32m201[0m 386.053 ms - 755[0m
2023-11-23 15:50:34 info: [0mGET /questions/getAllQuestions [32m201[0m 451.908 ms - 788[0m
2023-11-23 15:50:40 info: [0mGET /events/getAll [32m201[0m 468.212 ms - 745[0m
2023-11-23 15:50:40 info: [0mGET /questions/getAllQuestions [32m201[0m 456.934 ms - 788[0m
2023-11-23 15:50:40 info: [0mGET /discussions/getAllTopics [32m201[0m 465.138 ms - 755[0m
2023-11-23 15:50:46 info: [0mGET /questions/getAllQuestions [32m201[0m 271.817 ms - 788[0m
2023-11-23 15:50:46 info: [0mGET /discussions/getAllTopics [32m201[0m 266.934 ms - 755[0m
2023-11-23 15:50:46 info: [0mGET /events/getAll [32m201[0m 363.843 ms - 745[0m
2023-11-23 15:50:52 info: [0mGET /events/getAll [32m201[0m 271.343 ms - 745[0m
2023-11-23 15:50:52 info: [0mGET /discussions/getAllTopics [32m201[0m 334.113 ms - 755[0m
2023-11-23 15:50:52 info: [0mGET /questions/getAllQuestions [32m201[0m 343.943 ms - 788[0m
2023-11-23 15:50:58 info: [0mGET /events/getAll [32m201[0m 284.792 ms - 745[0m
2023-11-23 15:50:58 info: [0mGET /questions/getAllQuestions [32m201[0m 278.201 ms - 788[0m
2023-11-23 15:50:58 info: [0mGET /discussions/getAllTopics [32m201[0m 286.698 ms - 755[0m
2023-11-23 15:51:04 info: [0mGET /discussions/getAllTopics [32m201[0m 276.389 ms - 755[0m
2023-11-23 15:51:04 info: [0mGET /questions/getAllQuestions [32m201[0m 283.720 ms - 788[0m
2023-11-23 15:51:04 info: [0mGET /events/getAll [32m201[0m 357.730 ms - 745[0m
2023-11-23 15:51:10 info: [0mGET /events/getAll [32m201[0m 271.085 ms - 745[0m
2023-11-23 15:51:10 info: [0mGET /discussions/getAllTopics [32m201[0m 349.518 ms - 755[0m
2023-11-23 15:51:10 info: [0mGET /questions/getAllQuestions [32m201[0m 352.320 ms - 788[0m
2023-11-23 15:51:16 info: [0mGET /events/getAll [32m201[0m 367.551 ms - 745[0m
2023-11-23 15:51:16 info: [0mGET /questions/getAllQuestions [32m201[0m 340.722 ms - 788[0m
2023-11-23 15:51:16 info: [0mGET /discussions/getAllTopics [32m201[0m 361.142 ms - 755[0m
2023-11-23 15:51:22 info: [0mGET /questions/getAllQuestions [32m201[0m 274.683 ms - 788[0m
2023-11-23 15:51:22 info: [0mGET /discussions/getAllTopics [32m201[0m 272.086 ms - 755[0m
2023-11-23 15:51:22 info: [0mGET /events/getAll [32m201[0m 336.388 ms - 745[0m
2023-11-23 15:51:28 info: [0mGET /events/getAll [32m201[0m 279.121 ms - 745[0m
2023-11-23 15:51:28 info: [0mGET /questions/getAllQuestions [32m201[0m 358.153 ms - 788[0m
2023-11-23 15:51:28 info: [0mGET /discussions/getAllTopics [32m201[0m 355.722 ms - 755[0m
2023-11-23 15:51:34 info: [0mGET /events/getAll [32m201[0m 286.265 ms - 745[0m
2023-11-23 15:51:34 info: [0mGET /questions/getAllQuestions [32m201[0m 298.783 ms - 788[0m
2023-11-23 15:51:34 info: [0mGET /discussions/getAllTopics [32m201[0m 302.756 ms - 755[0m
2023-11-23 15:51:40 info: [0mGET /questions/getAllQuestions [32m201[0m 351.286 ms - 788[0m
2023-11-23 15:51:40 info: [0mGET /discussions/getAllTopics [32m201[0m 349.686 ms - 755[0m
2023-11-23 15:51:40 info: [0mGET /events/getAll [32m201[0m 417.659 ms - 745[0m
2023-11-23 15:51:46 info: [0mGET /events/getAll [32m201[0m 275.328 ms - 745[0m
2023-11-23 15:51:46 info: [0mGET /questions/getAllQuestions [32m201[0m 354.558 ms - 788[0m
2023-11-23 15:51:46 info: [0mGET /discussions/getAllTopics [32m201[0m 352.565 ms - 755[0m
2023-11-23 15:51:52 info: [0mGET /questions/getAllQuestions [32m201[0m 272.080 ms - 788[0m
2023-11-23 15:51:52 info: [0mGET /events/getAll [32m201[0m 278.811 ms - 745[0m
2023-11-23 15:51:52 info: [0mGET /discussions/getAllTopics [32m201[0m 273.380 ms - 755[0m
2023-11-23 15:51:58 info: [0mGET /discussions/getAllTopics [32m201[0m 274.200 ms - 755[0m
2023-11-23 15:51:58 info: [0mGET /questions/getAllQuestions [32m201[0m 282.219 ms - 788[0m
2023-11-23 15:51:58 info: [0mGET /events/getAll [32m201[0m 346.249 ms - 745[0m
2023-11-23 15:52:04 info: [0mGET /events/getAll [32m201[0m 277.991 ms - 745[0m
2023-11-23 15:52:04 info: [0mGET /discussions/getAllTopics [32m201[0m 351.904 ms - 755[0m
2023-11-23 15:52:04 info: [0mGET /questions/getAllQuestions [32m201[0m 354.376 ms - 788[0m
2023-11-23 15:52:10 info: [0mGET /discussions/getAllTopics [32m201[0m 267.287 ms - 755[0m
2023-11-23 15:52:10 info: [0mGET /questions/getAllQuestions [32m201[0m 266.826 ms - 788[0m
2023-11-23 15:52:10 info: [0mGET /events/getAll [32m201[0m 272.469 ms - 745[0m
2023-11-23 15:52:16 info: [0mGET /questions/getAllQuestions [32m201[0m 285.615 ms - 788[0m
2023-11-23 15:52:16 info: [0mGET /discussions/getAllTopics [32m201[0m 307.627 ms - 755[0m
2023-11-23 15:52:16 info: [0mGET /events/getAll [32m201[0m 366.415 ms - 745[0m
2023-11-23 15:52:22 info: [0mGET /events/getAll [32m201[0m 276.744 ms - 745[0m
2023-11-23 15:52:22 info: [0mGET /questions/getAllQuestions [32m201[0m 346.627 ms - 788[0m
2023-11-23 15:52:22 info: [0mGET /discussions/getAllTopics [32m201[0m 344.315 ms - 755[0m
2023-11-23 15:52:28 info: [0mGET /discussions/getAllTopics [32m201[0m 279.853 ms - 755[0m
2023-11-23 15:52:28 info: [0mGET /events/getAll [32m201[0m 289.822 ms - 745[0m
2023-11-23 15:52:28 info: [0mGET /questions/getAllQuestions [32m201[0m 281.952 ms - 788[0m
2023-11-23 15:52:34 info: [0mGET /questions/getAllQuestions [32m201[0m 275.506 ms - 788[0m
2023-11-23 15:52:34 info: [0mGET /discussions/getAllTopics [32m201[0m 286.872 ms - 755[0m
2023-11-23 15:52:34 info: [0mGET /events/getAll [32m201[0m 355.182 ms - 745[0m
2023-11-23 15:52:40 info: [0mGET /events/getAll [32m201[0m 280.859 ms - 745[0m
2023-11-23 15:52:40 info: [0mGET /discussions/getAllTopics [32m201[0m 353.686 ms - 755[0m
2023-11-23 15:52:40 info: [0mGET /questions/getAllQuestions [32m201[0m 361.525 ms - 788[0m
2023-11-23 15:52:46 info: [0mGET /events/getAll [32m201[0m 268.284 ms - 745[0m
2023-11-23 15:52:46 info: [0mGET /discussions/getAllTopics [32m201[0m 268.675 ms - 755[0m
2023-11-23 15:52:46 info: [0mGET /questions/getAllQuestions [32m201[0m 288.187 ms - 788[0m
2023-11-23 15:52:52 info: [0mGET /questions/getAllQuestions [32m201[0m 279.236 ms - 788[0m
2023-11-23 15:52:52 info: [0mGET /discussions/getAllTopics [32m201[0m 283.693 ms - 755[0m
2023-11-23 15:52:53 info: [0mGET /events/getAll [32m201[0m 667.140 ms - 745[0m
2023-11-23 15:52:58 info: [0mGET /events/getAll [32m201[0m 428.323 ms - 745[0m
2023-11-23 15:52:59 info: [0mGET /discussions/getAllTopics [32m201[0m 506.525 ms - 755[0m
2023-11-23 15:52:59 info: [0mGET /questions/getAllQuestions [32m201[0m 512.521 ms - 788[0m
2023-11-23 15:53:04 info: [0mGET /events/getAll [32m201[0m 288.744 ms - 745[0m
2023-11-23 15:53:04 info: [0mGET /discussions/getAllTopics [32m201[0m 291.249 ms - 755[0m
2023-11-23 15:53:04 info: [0mGET /questions/getAllQuestions [32m201[0m 281.203 ms - 788[0m
2023-11-23 15:53:10 info: [0mGET /questions/getAllQuestions [32m201[0m 307.281 ms - 788[0m
2023-11-23 15:53:10 info: [0mGET /discussions/getAllTopics [32m201[0m 312.157 ms - 755[0m
2023-11-23 15:53:10 info: [0mGET /events/getAll [32m201[0m 385.288 ms - 745[0m
2023-11-23 15:53:16 info: [0mGET /events/getAll [32m201[0m 298.833 ms - 745[0m
2023-11-23 15:53:16 info: [0mGET /discussions/getAllTopics [32m201[0m 375.358 ms - 755[0m
2023-11-23 15:53:16 info: [0mGET /questions/getAllQuestions [32m201[0m 382.358 ms - 788[0m
2023-11-23 15:53:22 info: [0mGET /events/getAll [32m201[0m 284.477 ms - 745[0m
2023-11-23 15:53:22 info: [0mGET /questions/getAllQuestions [32m201[0m 278.326 ms - 788[0m
2023-11-23 15:53:22 info: [0mGET /discussions/getAllTopics [32m201[0m 290.885 ms - 755[0m
2023-11-23 15:53:28 info: [0mGET /questions/getAllQuestions [32m201[0m 275.560 ms - 788[0m
2023-11-23 15:53:28 info: [0mGET /discussions/getAllTopics [32m201[0m 276.059 ms - 755[0m
2023-11-23 15:53:28 info: [0mGET /events/getAll [32m201[0m 353.957 ms - 745[0m
2023-11-23 15:53:34 info: [0mGET /events/getAll [32m201[0m 289.555 ms - 745[0m
2023-11-23 15:53:34 info: [0mGET /discussions/getAllTopics [32m201[0m 369.692 ms - 755[0m
2023-11-23 15:53:34 info: [0mGET /questions/getAllQuestions [32m201[0m 373.032 ms - 788[0m
2023-11-23 15:53:40 info: [0mGET /questions/getAllQuestions [32m201[0m 268.898 ms - 788[0m
2023-11-23 15:53:40 info: [0mGET /discussions/getAllTopics [32m201[0m 270.974 ms - 755[0m
2023-11-23 15:53:40 info: [0mGET /events/getAll [32m201[0m 273.588 ms - 745[0m
2023-11-23 15:53:46 info: [0mGET /discussions/getAllTopics [32m201[0m 401.020 ms - 755[0m
2023-11-23 15:53:46 info: [0mGET /questions/getAllQuestions [32m201[0m 409.189 ms - 788[0m
2023-11-23 15:53:47 info: [0mGET /events/getAll [32m201[0m 542.514 ms - 745[0m
2023-11-23 15:53:52 info: [0mGET /events/getAll [32m201[0m 287.949 ms - 745[0m
2023-11-23 15:53:52 info: [0mGET /discussions/getAllTopics [32m201[0m 346.979 ms - 755[0m
2023-11-23 15:53:52 info: [0mGET /questions/getAllQuestions [32m201[0m 344.283 ms - 788[0m
2023-11-23 15:53:58 info: [0mGET /questions/getAllQuestions [32m201[0m 269.721 ms - 788[0m
2023-11-23 15:53:58 info: [0mGET /events/getAll [32m201[0m 281.268 ms - 745[0m
2023-11-23 15:53:58 info: [0mGET /discussions/getAllTopics [32m201[0m 276.392 ms - 755[0m
2023-11-23 15:54:04 info: [0mGET /questions/getAllQuestions [32m201[0m 280.649 ms - 788[0m
2023-11-23 15:54:04 info: [0mGET /discussions/getAllTopics [32m201[0m 279.590 ms - 755[0m
2023-11-23 15:54:04 info: [0mGET /events/getAll [32m201[0m 351.677 ms - 745[0m
2023-11-23 15:54:10 info: [0mGET /events/getAll [32m201[0m 269.664 ms - 745[0m
2023-11-23 15:54:10 info: [0mGET /questions/getAllQuestions [32m201[0m 345.540 ms - 788[0m
2023-11-23 15:54:10 info: [0mGET /discussions/getAllTopics [32m201[0m 342.685 ms - 755[0m
2023-11-23 15:55:10 info: =================================
2023-11-23 15:55:10 info: ======= ENV: production =======
2023-11-23 15:55:10 info: 🚀 App listening on the port 3001
2023-11-23 15:55:10 info: =================================
