2023-11-07 19:28:07 error: uncaughtException: listen EADDRINUSE: address already in use :::3001
Error: listen EADDRINUSE: address already in use :::3001
    at Server.setupListenHandle [as _listen2] (node:net:1812:16)
    at listenInCluster (node:net:1860:12)
    at Server.listen (node:net:1948:7)
    at Function.listen (C:\Users\raphy\Desktop\onlinedb\node_modules\express\lib\application.js:635:24)
    at App.listen (C:\Users\raphy\Desktop\onlinedb\src\app.ts:33:14)
    at Object.<anonymous> (C:\Users\raphy\Desktop\onlinedb\src\server.ts:12:5)
    at Module._compile (node:internal/modules/cjs/loader:1267:14)
    at Module.m._compile (C:\Users\raphy\Desktop\onlinedb\node_modules\ts-node\src\index.ts:1618:23)
    at Module._extensions..js (node:internal/modules/cjs/loader:1321:10)
    at Object.require.extensions.<computed> [as .ts] (C:\Users\raphy\Desktop\onlinedb\node_modules\ts-node\src\index.ts:1621:12)
2023-11-07 20:15:11 error: uncaughtException: listen EADDRINUSE: address already in use :::3001
Error: listen EADDRINUSE: address already in use :::3001
    at Server.setupListenHandle [as _listen2] (node:net:1812:16)
    at listenInCluster (node:net:1860:12)
    at Server.listen (node:net:1948:7)
    at Function.listen (C:\Users\raphy\Desktop\onlinedb\node_modules\express\lib\application.js:635:24)
    at App.listen (C:\Users\raphy\Desktop\onlinedb\src\app.ts:33:14)
    at Object.<anonymous> (C:\Users\raphy\Desktop\onlinedb\src\server.ts:12:5)
    at Module._compile (node:internal/modules/cjs/loader:1267:14)
    at Module.m._compile (C:\Users\raphy\Desktop\onlinedb\node_modules\ts-node\src\index.ts:1618:23)
    at Module._extensions..js (node:internal/modules/cjs/loader:1321:10)
    at Object.require.extensions.<computed> [as .ts] (C:\Users\raphy\Desktop\onlinedb\node_modules\ts-node\src\index.ts:1621:12)
2023-11-07 20:21:23 error: uncaughtException: listen EADDRINUSE: address already in use :::3001
Error: listen EADDRINUSE: address already in use :::3001
    at Server.setupListenHandle [as _listen2] (node:net:1812:16)
    at listenInCluster (node:net:1860:12)
    at Server.listen (node:net:1948:7)
    at Function.listen (C:\Users\raphy\Desktop\onlinedb\node_modules\express\lib\application.js:635:24)
    at App.listen (C:\Users\raphy\Desktop\onlinedb\src\app.ts:33:14)
    at Object.<anonymous> (C:\Users\raphy\Desktop\onlinedb\src\server.ts:12:5)
    at Module._compile (node:internal/modules/cjs/loader:1267:14)
    at Module.m._compile (C:\Users\raphy\Desktop\onlinedb\node_modules\ts-node\src\index.ts:1618:23)
    at Module._extensions..js (node:internal/modules/cjs/loader:1321:10)
    at Object.require.extensions.<computed> [as .ts] (C:\Users\raphy\Desktop\onlinedb\node_modules\ts-node\src\index.ts:1621:12)
2023-11-07 20:22:07 error: uncaughtException: listen EADDRINUSE: address already in use :::3001
Error: listen EADDRINUSE: address already in use :::3001
    at Server.setupListenHandle [as _listen2] (node:net:1812:16)
    at listenInCluster (node:net:1860:12)
    at Server.listen (node:net:1948:7)
    at Function.listen (C:\Users\raphy\Desktop\onlinedb\node_modules\express\lib\application.js:635:24)
    at App.listen (C:\Users\raphy\Desktop\onlinedb\src\app.ts:33:14)
    at Object.<anonymous> (C:\Users\raphy\Desktop\onlinedb\src\server.ts:12:5)
    at Module._compile (node:internal/modules/cjs/loader:1267:14)
    at Module.m._compile (C:\Users\raphy\Desktop\onlinedb\node_modules\ts-node\src\index.ts:1618:23)
    at Module._extensions..js (node:internal/modules/cjs/loader:1321:10)
    at Object.require.extensions.<computed> [as .ts] (C:\Users\raphy\Desktop\onlinedb\node_modules\ts-node\src\index.ts:1621:12)
