2023-11-07 18:27:22 info: =================================
2023-11-07 18:27:22 info: ======= ENV: development =======
2023-11-07 18:27:22 info: 🚀 App listening on the port 3001
2023-11-07 18:27:22 info: =================================
2023-11-07 18:28:14 info: [0mGET /events/getAll [32m201[0m 2772.440 ms - 38[0m
2023-11-07 18:28:15 info: [0mGET /favicon.ico [33m404[0m 2.400 ms - 150[0m
2023-11-07 18:29:28 info: [0mPOST /signup [32m201[0m 2483.307 ms - 186[0m
2023-11-07 19:29:01 info: [0mGET /events/getAll [32m201[0m 1616.514 ms - -[0m
2023-11-07 20:08:45 info: =================================
2023-11-07 20:08:45 info: ======= ENV: development =======
2023-11-07 20:08:45 info: 🚀 App listening on the port 3001
2023-11-07 20:08:45 info: =================================
2023-11-07 20:09:38 info: =================================
2023-11-07 20:09:38 info: ======= ENV: development =======
2023-11-07 20:09:38 info: 🚀 App listening on the port 3001
2023-11-07 20:09:38 info: =================================
2023-11-07 20:10:50 info: =================================
2023-11-07 20:10:50 info: ======= ENV: development =======
2023-11-07 20:10:50 info: 🚀 App listening on the port 3001
2023-11-07 20:10:50 info: =================================
2023-11-07 20:15:10 info: [0mGET / [33m404[0m 3.269 ms - 139[0m
2023-11-07 20:15:10 info: [0mGET /index.html [33m404[0m 0.788 ms - 149[0m
2023-11-07 20:15:10 info: [0mGET /index.htm [33m404[0m 0.410 ms - 148[0m
2023-11-07 20:15:31 info: [0mGET /events/getAll [32m201[0m 4741.329 ms - -[0m
2023-11-07 20:15:31 info: [0mGET /favicon.ico [33m404[0m 0.746 ms - 150[0m
2023-11-07 20:15:52 info: [0mGET / [33m404[0m 0.818 ms - 139[0m
2023-11-07 20:15:52 info: [0mGET /index.html [33m404[0m 0.594 ms - 149[0m
2023-11-07 20:15:52 info: [0mGET /index.htm [33m404[0m 0.543 ms - 148[0m
2023-11-07 20:16:04 info: [0mGET /discussions/getAll [33m404[0m 0.709 ms - 157[0m
2023-11-07 20:16:04 info: [0mGET /discussions/getAll.html [33m404[0m 0.472 ms - 162[0m
2023-11-07 20:16:04 info: [0mGET /discussions/getAll.htm [33m404[0m 0.343 ms - 161[0m
2023-11-07 20:16:04 info: [0mGET /discussions/getAll/index.html [33m404[0m 0.309 ms - 168[0m
2023-11-07 20:16:04 info: [0mGET /discussions/getAll/index.htm [33m404[0m 0.287 ms - 167[0m
2023-11-07 20:16:22 info: [0mGET /discussions/getAll [33m404[0m 0.683 ms - 157[0m
2023-11-07 20:16:22 info: [0mGET /discussions/getAll.html [33m404[0m 0.469 ms - 162[0m
2023-11-07 20:16:22 info: [0mGET /discussions/getAll.htm [33m404[0m 0.449 ms - 161[0m
2023-11-07 20:16:22 info: [0mGET /discussions/getAll/index.html [33m404[0m 0.496 ms - 168[0m
2023-11-07 20:16:22 info: [0mGET /discussions/getAll/index.htm [33m404[0m 0.564 ms - 167[0m
2023-11-07 20:16:31 info: [0mGET /events/getAll [32m201[0m 802.091 ms - -[0m
2023-11-07 20:16:53 info: [0mGET /discussions/getAllTopics [32m201[0m 3249.325 ms - -[0m
2023-11-07 20:21:21 info: [0mGET / [33m404[0m 0.924 ms - 139[0m
2023-11-07 20:21:21 info: [0mGET /index.html [33m404[0m 0.343 ms - 149[0m
2023-11-07 20:21:21 info: [0mGET /index.htm [33m404[0m 0.314 ms - 148[0m
2023-11-07 20:21:35 info: [0mGET /discussions/getAllTopics [32m201[0m 889.576 ms - -[0m
2023-11-07 20:21:48 info: [0mGET /events/getAll [31m500[0m 5022.490 ms - 528[0m
2023-11-07 20:22:06 info: [0mGET / [33m404[0m 0.408 ms - 139[0m
2023-11-07 20:22:06 info: [0mGET /index.html [33m404[0m 0.322 ms - 149[0m
2023-11-07 20:22:06 info: [0mGET /index.htm [33m404[0m 0.316 ms - 148[0m
2023-11-07 20:22:14 info: [0mGET /events/getAll [32m201[0m 2242.424 ms - -[0m
2023-11-07 20:22:23 info: [0mGET /events/getAll [32m201[0m 664.624 ms - -[0m
2023-11-07 20:22:37 info: [0mGET /discussions/getAllTopics [32m201[0m 763.923 ms - -[0m
2023-11-07 20:46:10 info: =================================
2023-11-07 20:46:10 info: ======= ENV: development =======
2023-11-07 20:46:10 info: 🚀 App listening on the port 3001
2023-11-07 20:46:10 info: =================================
