2023-11-21 23:04:27 error: uncaughtException: listen EADDRINUSE: address already in use :::3001
Error: listen EADDRINUSE: address already in use :::3001
    at Server.setupListenHandle [as _listen2] (node:net:1812:16)
    at listenInCluster (node:net:1860:12)
    at Server.listen (node:net:1948:7)
    at Function.listen (C:\Users\raphy\Desktop\csis279\server\node_modules\express\lib\application.js:635:24)
    at App.listen (C:\Users\raphy\Desktop\csis279\server\dist\app.js:44:18)
    at Object.<anonymous> (C:\Users\raphy\Desktop\csis279\server\dist\server.js:22:5)
    at Module._compile (node:internal/modules/cjs/loader:1267:14)
    at Module._extensions..js (node:internal/modules/cjs/loader:1321:10)
    at Module.load (node:internal/modules/cjs/loader:1125:32)
    at Module._load (node:internal/modules/cjs/loader:965:12)
2023-11-21 23:04:55 error: uncaughtException: listen EADDRINUSE: address already in use :::3001
Error: listen EADDRINUSE: address already in use :::3001
    at Server.setupListenHandle [as _listen2] (node:net:1812:16)
    at listenInCluster (node:net:1860:12)
    at Server.listen (node:net:1948:7)
    at Function.listen (C:\Users\raphy\Desktop\csis279\server\node_modules\express\lib\application.js:635:24)
    at App.listen (C:\Users\raphy\Desktop\csis279\server\dist\app.js:44:18)
    at Object.<anonymous> (C:\Users\raphy\Desktop\csis279\server\dist\server.js:22:5)
    at Module._compile (node:internal/modules/cjs/loader:1267:14)
    at Module._extensions..js (node:internal/modules/cjs/loader:1321:10)
    at Module.load (node:internal/modules/cjs/loader:1125:32)
    at Module._load (node:internal/modules/cjs/loader:965:12)
